<?xml version="1.0" encoding="UTF-8"?>
<!-- Generated by org.testng.reporters.JUnitXMLReporter -->
<testsuite hostname="LAPTOP-G3SL86T0" ignored="1" name="Default test" tests="3" failures="0" timestamp="2020-09-16T19:01:14 PDT" time="26.092" errors="0">
  <testcase name="negativeLoginTest" time="1.266" classname="com.syntax.practice.TestLogin"/>
  <testcase name="negativeLoginTest" time="0.518" classname="com.syntax.practice.TestLogin"/>
  <testcase name="negativeLoginTest" time="0.226" classname="com.syntax.practice.TestLogin"/>
  <testcase name="loginTest" time="0.0" classname="com.syntax.practice.TestLogin">
    <ignored/>
  </testcase> <!-- loginTest -->
</testsuite> <!-- Default test -->
