<?xml version="1.0" encoding="UTF-8"?>
<testng-results skipped="0" failed="0" ignored="1" total="4" passed="3">
  <reporter-output>
  </reporter-output>
  <suite name="Default suite" duration-ms="26092" started-at="2020-09-16T19:00:48 PDT" finished-at="2020-09-16T19:01:14 PDT">
    <groups>
    </groups>
    <test name="Default test" duration-ms="26092" started-at="2020-09-16T19:00:48 PDT" finished-at="2020-09-16T19:01:14 PDT">
      <class name="com.syntax.practice.TestLogin">
        <test-method status="PASS" signature="setUp()[pri:0, instance:com.syntax.practice.TestLogin@10bbd20a]" name="setUp" is-config="true" duration-ms="8395" started-at="2020-09-16T19:00:48 PDT" finished-at="2020-09-16T19:00:56 PDT">
          <reporter-output>
          </reporter-output>
        </test-method> <!-- setUp -->
        <test-method status="PASS" signature="negativeLoginTest(java.lang.String, java.lang.String, java.lang.String)[pri:0, instance:com.syntax.practice.TestLogin@10bbd20a]" name="negativeLoginTest" duration-ms="1266" started-at="2020-09-16T19:00:56 PDT" data-provider="data" finished-at="2020-09-16T19:00:57 PDT">
          <params>
            <param index="0">
              <value>
                <![CDATA[Admin]]>
              </value>
            </param>
            <param index="1">
              <value>
                <![CDATA[ads]]>
              </value>
            </param>
            <param index="2">
              <value>
                <![CDATA[Invalid credentials]]>
              </value>
            </param>
          </params>
          <reporter-output>
          </reporter-output>
        </test-method> <!-- negativeLoginTest -->
        <test-method status="PASS" signature="tearDown()[pri:0, instance:com.syntax.practice.TestLogin@10bbd20a]" name="tearDown" is-config="true" duration-ms="758" started-at="2020-09-16T19:00:57 PDT" finished-at="2020-09-16T19:00:58 PDT">
          <reporter-output>
          </reporter-output>
        </test-method> <!-- tearDown -->
        <test-method status="PASS" signature="setUp()[pri:0, instance:com.syntax.practice.TestLogin@10bbd20a]" name="setUp" is-config="true" duration-ms="6637" started-at="2020-09-16T19:00:58 PDT" finished-at="2020-09-16T19:01:05 PDT">
          <reporter-output>
          </reporter-output>
        </test-method> <!-- setUp -->
        <test-method status="PASS" signature="negativeLoginTest(java.lang.String, java.lang.String, java.lang.String)[pri:0, instance:com.syntax.practice.TestLogin@10bbd20a]" name="negativeLoginTest" duration-ms="518" started-at="2020-09-16T19:01:05 PDT" data-provider="data" finished-at="2020-09-16T19:01:05 PDT">
          <params>
            <param index="0">
              <value>
                <![CDATA[Adn]]>
              </value>
            </param>
            <param index="1">
              <value>
                <![CDATA[admin123]]>
              </value>
            </param>
            <param index="2">
              <value>
                <![CDATA[Invalid credentials]]>
              </value>
            </param>
          </params>
          <reporter-output>
          </reporter-output>
        </test-method> <!-- negativeLoginTest -->
        <test-method status="PASS" signature="tearDown()[pri:0, instance:com.syntax.practice.TestLogin@10bbd20a]" name="tearDown" is-config="true" duration-ms="745" started-at="2020-09-16T19:01:05 PDT" finished-at="2020-09-16T19:01:06 PDT">
          <reporter-output>
          </reporter-output>
        </test-method> <!-- tearDown -->
        <test-method status="PASS" signature="setUp()[pri:0, instance:com.syntax.practice.TestLogin@10bbd20a]" name="setUp" is-config="true" duration-ms="6742" started-at="2020-09-16T19:01:06 PDT" finished-at="2020-09-16T19:01:13 PDT">
          <reporter-output>
          </reporter-output>
        </test-method> <!-- setUp -->
        <test-method status="PASS" signature="negativeLoginTest(java.lang.String, java.lang.String, java.lang.String)[pri:0, instance:com.syntax.practice.TestLogin@10bbd20a]" name="negativeLoginTest" duration-ms="226" started-at="2020-09-16T19:01:13 PDT" data-provider="data" finished-at="2020-09-16T19:01:13 PDT">
          <params>
            <param index="0">
              <value>
                <![CDATA[Admin]]>
              </value>
            </param>
            <param index="1">
              <value>
                <![CDATA[]]>
              </value>
            </param>
            <param index="2">
              <value>
                <![CDATA[Password cannot be empty]]>
              </value>
            </param>
          </params>
          <reporter-output>
          </reporter-output>
        </test-method> <!-- negativeLoginTest -->
        <test-method status="PASS" signature="tearDown()[pri:0, instance:com.syntax.practice.TestLogin@10bbd20a]" name="tearDown" is-config="true" duration-ms="770" started-at="2020-09-16T19:01:13 PDT" finished-at="2020-09-16T19:01:14 PDT">
          <reporter-output>
          </reporter-output>
        </test-method> <!-- tearDown -->
      </class> <!-- com.syntax.practice.TestLogin -->
    </test> <!-- Default test -->
  </suite> <!-- Default suite -->
</testng-results>
